
Phoronix Test Suite v5.2.1
System Information

Hardware:
Processor: Intel Core i5-2400 @ 3.40GHz (4 Cores), Motherboard: Dell 0V5HMK, Chipset: Intel 2nd Generation Core Family DRAM, Memory: 2 x 2048 MB DDR3-1333MHz, Disk: 500GB Seagate ST500DM002-1BD14 + 1000GB Hitachi HUA72201, Graphics: Intel Gen6, Audio: Intel 6 /C200, Network: Intel 82579LM Gigabit Connection

Software:
OS: Fedora 22, Kernel: 4.0.4-301.fc22.x86_64+debug (x86_64), Desktop: GNOME Shell 3.16.2, Display Server: X Server 1.17.1, OpenGL: 3.3 Mesa 10.5.4, Compiler: GCC 5.1.1 20150618 + Clang 3.5.0 + LLVM 3.5.0, File-System: ext4, Screen Resolution: 1440x900

    Would you like to save these test results (Y/n): 
Recently Saved Test Results:
- compression-result   [Today]
- encoding-result      [Today]
- compiler-result      [Today]

    Enter a name to save these results under:     Enter a unique name to describe this test run / configuration: 
If you wish, enter a new description below to better describe this result set / system configuration under test.
Press ENTER to proceed without changes.

Current Description: Intel Core i5-2400 testing with a Dell 0V5HMK and Intel Gen6 on Fedora 22 via the Phoronix Test Suite.

New Description: 

QGears2:
    pts/qgears2-1.0.1 [XRender + Image Scaling]
    Test 1 of 10
    Estimated Trial Run Count:    3
    Estimated Test Run-Time:      6 Minutes
    Estimated Time To Completion: 3 Hours, 36 Minutes
        Started Run 1 @ 01:16:10
        Started Run 2 @ 01:16:30
        Started Run 3 @ 01:16:50  [Std. Dev: 0.37%]

    Test Results:
        232.44945
        234.121075
        232.95045

    Average: 233.17 Frames Per Second


Doom 3 1.3.1:
    pts/doom3-1.1.0 [1440 x 900 - Ultra Quality]
    Test 2 of 10
    Estimated Trial Run Count:    3
    Estimated Test Run-Time:      4 Minutes
    Estimated Time To Completion: 3 Hours, 31 Minutes
        Started Run 1 @ 01:17:13
        The test run did not produce a result.
        Started Run 2 @ 01:17:15
        The test run did not produce a result.
        Started Run 3 @ 01:17:17
        The test run did not produce a result.
        E: Sys_Error: Couldn't load default.cfg

    Test Results:

    Average: 0 Frames Per Second
    This test failed to run properly.


ET: Quake Wars 1.5:
    pts/etqw-1.1.0 [1440 x 900]
    Test 3 of 10
    Estimated Trial Run Count:    3
    Estimated Test Run-Time:      27 Minutes
    Estimated Time To Completion: 3 Hours, 27 Minutes
        Started Run 1 @ 01:17:24
        The test run did not produce a result.
        Started Run 2 @ 01:17:26
        The test run did not produce a result.
        Started Run 3 @ 01:17:28
        The test run did not produce a result.
        E: ./etqw.x86: error while loading shared libraries: libSDL-1.2.so.0: cannot open shared object file: No such file or directory

    Test Results:

    Average: 0 Frames Per Second
    This test failed to run properly.


Lightsmark 2008:
    pts/lightsmark-1.2.0 [1440 x 900]
    Test 4 of 10
    Estimated Trial Run Count:    3
    Estimated Test Run-Time:      12 Minutes
    Estimated Time To Completion: 3 Hours
        Started Run 1 @ 01:17:34
        The test run did not produce a result.
        Started Run 2 @ 01:17:36
        The test run did not produce a result.
        Started Run 3 @ 01:17:38
        The test run did not produce a result.
        E: ./backend: error while loading shared libraries: libGLEW.so.1.5: cannot open shared object file: No such file or directory

    Test Results:

    Average: 0 Frames Per Second
    This test failed to run properly.


Nexuiz 2.5.2:
    pts/nexuiz-1.6.1 [1440 x 900 w/ HDR]
    Test 5 of 10
    Estimated Trial Run Count:    3
    Estimated Test Run-Time:      2 Hours
    Estimated Time To Completion: 2 Hours, 49 Minutes
        Started Run 1 @ 01:17:44
        Started Run 2 @ 01:18:35
        Started Run 3 @ 01:19:22  [Std. Dev: 0.11%]

    Test Results:
        22.0738043
        22.0251014
        22.0609245

    Average: 22.05 Frames Per Second
    Minimum: 13
    Maximum: 31


Prey 1.4.119:
    pts/prey-1.1.2 [1440 x 900]
    Test 6 of 10
    Estimated Trial Run Count:    3
    Estimated Test Run-Time:      5 Minutes
    Estimated Time To Completion: 49 Minutes
        Started Run 1 @ 01:20:15
        The test run did not produce a result.
        Started Run 2 @ 01:20:17
        The test run did not produce a result.
        Started Run 3 @ 01:20:19
        The test run did not produce a result.

    Test Results:

    Average: 0 Frames Per Second
    This test failed to run properly.


Unigine Sanctuary 2.3:
    pts/unigine-sanctuary-1.6.2 [1440 x 900]
    Test 7 of 10
    Estimated Trial Run Count:    3
    Estimated Test Run-Time:      24 Minutes
    Estimated Time To Completion: 45 Minutes
        Started Run 1 @ 01:20:25
        The test run did not produce a result.
        Started Run 2 @ 01:20:27
        The test run did not produce a result.
        Started Run 3 @ 01:20:29
        The test run did not produce a result.
        E: ./bin/Sanctuary: error while loading shared libraries: libXrandr.so.2: cannot open shared object file: No such file or directory

    Test Results:

    Average: 0 Frames Per Second
    This test failed to run properly.


Unigine Tropics 1.3:
    pts/unigine-tropics-1.6.2 [1440 x 900]
    Test 8 of 10
    Estimated Trial Run Count:    3
    Estimated Test Run-Time:      16 Minutes
    Estimated Time To Completion: 22 Minutes
        Started Run 1 @ 01:20:35
        The test run did not produce a result.
        Started Run 2 @ 01:20:37
        The test run did not produce a result.
        Started Run 3 @ 01:20:39
        The test run did not produce a result.
        E: ./bin/Tropics: error while loading shared libraries: libXrandr.so.2: cannot open shared object file: No such file or directory

    Test Results:

    Average: 0 Frames Per Second
    This test failed to run properly.


VDrift 2010-06-30:
    pts/vdrift-1.2.0 [1440 x 900]
    Test 9 of 10
    Estimated Trial Run Count:    3
    Estimated Test Run-Time:      7 Minutes
    Estimated Time To Completion: 7 Minutes
        Started Run 1 @ 01:20:45
        The test run did not produce a result.
        Started Run 2 @ 01:20:47
        The test run did not produce a result.
        Started Run 3 @ 01:20:49
        The test run did not produce a result.

    Test Results:

    Average: 0 Frames Per Second
    This test failed to run properly.


GtkPerf 0.40:
    pts/gtkperf-1.2.1 [GtkDrawingArea - Pixbufs]
    Test 10 of 10
    Estimated Trial Run Count:    3
    Estimated Time To Completion: 1 Minute
        Started Run 1 @ 01:20:55
        Started Run 2 @ 01:21:01
        Started Run 3 @ 01:21:05  [Std. Dev: 0.58%]

    Test Results:
        2.63
        2.64
        2.61

    Average: 2.63 Seconds


The following tests failed to properly run:

	- pts/doom3-1.1.0: 1440 x 900 - Ultra Quality
	- pts/etqw-1.1.0: 1440 x 900
	- pts/lightsmark-1.2.0: 1440 x 900
	- pts/prey-1.1.2: 1440 x 900
	- pts/unigine-sanctuary-1.6.2: 1440 x 900
	- pts/unigine-tropics-1.6.2: 1440 x 900
	- pts/vdrift-1.2.0: 1440 x 900


    Do you want to view the results in your web browser (Y/n):     Would you like to upload the results to OpenBenchmarking.org (Y/n):     Would you like to upload the results to OpenBenchmarking.org (Y/n):     Would you like to attach the system logs (lspci, dmesg, lsusb, etc) to the test result (Y/n): 
[PROBLEM] Unhandled Exception 

Results Failed To Upload.
